<?xml version="1.0" encoding="UTF-8"?>
<!-- Generated by org.testng.reporters.JUnitXMLReporter -->
<testsuite ignored="0" hostname="DESKTOP-DCNM1GP" failures="0" tests="2" name="Default test" time="110.192" errors="0" timestamp="2021-03-27T11:03:32 IST">
  <testcase classname="com.EasyEMI.qa.TestCases.LoginPageTest" name="loginPageTitleTest" time="0.346"/>
  <testcase classname="com.EasyEMI.qa.TestCases.LoginPageTest" name="LogintoApplication" time="10.232"/>
</testsuite> <!-- Default test -->
