<?xml version="1.0" encoding="UTF-8"?>
<testng-results ignored="0" total="2" passed="2" failed="0" skipped="0">
  <reporter-output>
  </reporter-output>
  <suite started-at="2021-03-27T11:01:42 IST" name="Default suite" finished-at="2021-03-27T11:03:32 IST" duration-ms="110192">
    <groups>
    </groups>
    <test started-at="2021-03-27T11:01:42 IST" name="Default test" finished-at="2021-03-27T11:03:32 IST" duration-ms="110192">
      <class name="com.EasyEMI.qa.TestCases.LoginPageTest">
        <test-method is-config="true" signature="Setup()[pri:0, instance:com.EasyEMI.qa.TestCases.LoginPageTest@346d61be]" started-at="2021-03-27T11:01:42 IST" name="Setup" finished-at="2021-03-27T11:02:33 IST" duration-ms="51003" status="PASS">
          <reporter-output>
          </reporter-output>
        </test-method> <!-- Setup -->
        <test-method signature="loginPageTitleTest()[pri:1, instance:com.EasyEMI.qa.TestCases.LoginPageTest@346d61be]" started-at="2021-03-27T11:02:33 IST" name="loginPageTitleTest" finished-at="2021-03-27T11:02:33 IST" duration-ms="346" status="PASS">
          <reporter-output>
          </reporter-output>
        </test-method> <!-- loginPageTitleTest -->
        <test-method is-config="true" signature="Teardown()[pri:0, instance:com.EasyEMI.qa.TestCases.LoginPageTest@346d61be]" started-at="2021-03-27T11:02:33 IST" name="Teardown" finished-at="2021-03-27T11:02:35 IST" duration-ms="1635" status="PASS">
          <reporter-output>
          </reporter-output>
        </test-method> <!-- Teardown -->
        <test-method is-config="true" signature="Setup()[pri:0, instance:com.EasyEMI.qa.TestCases.LoginPageTest@346d61be]" started-at="2021-03-27T11:02:35 IST" name="Setup" finished-at="2021-03-27T11:03:21 IST" duration-ms="45710" status="PASS">
          <reporter-output>
          </reporter-output>
        </test-method> <!-- Setup -->
        <test-method signature="LogintoApplication()[pri:2, instance:com.EasyEMI.qa.TestCases.LoginPageTest@346d61be]" started-at="2021-03-27T11:03:21 IST" name="LogintoApplication" finished-at="2021-03-27T11:03:31 IST" duration-ms="10232" status="PASS">
          <reporter-output>
          </reporter-output>
        </test-method> <!-- LogintoApplication -->
        <test-method is-config="true" signature="Teardown()[pri:0, instance:com.EasyEMI.qa.TestCases.LoginPageTest@346d61be]" started-at="2021-03-27T11:03:31 IST" name="Teardown" finished-at="2021-03-27T11:03:32 IST" duration-ms="1163" status="PASS">
          <reporter-output>
          </reporter-output>
        </test-method> <!-- Teardown -->
      </class> <!-- com.EasyEMI.qa.TestCases.LoginPageTest -->
    </test> <!-- Default test -->
  </suite> <!-- Default suite -->
</testng-results>
